<?xml version="1.0" encoding="UTF-8"?>
<!-- Generated by org.testng.reporters.JUnitXMLReporter -->
<testsuite ignored="2" hostname="Ajays-MacBook-Air.local" failures="2" tests="14" name="Test" time="18.555" errors="0" timestamp="2022-03-05T15:06:13 IST">
  <testcase classname="TestNG.TestNGDataProvider" name="TC_with_ApachePOI" time="0.023"/>
  <testcase classname="TestNG.TestNGDataProvider" name="TC_with_ApachePOI" time="0.006"/>
  <testcase classname="TestNG.TestNGDataProvider" name="loginTest" time="0.002"/>
  <testcase classname="TestNG.TestNGDataProvider" name="loginTest" time="0.008"/>
  <testcase classname="TestNG.TestNGDataProvider" name="loginTest" time="0.008"/>
  <testcase classname="TestNG.TestNGDataProvider" name="parametrizationfromTestNGXML" time="0.0">
    <failure type="org.testng.TestNGException" message="
Parameter &amp;apos;browser&amp;apos; is required by @Test on method parametrizationfromTestNGXML but has not been marked @Optional or defined
in /Users/edcast/eclipse-workspace/Mphasis/testnggroups.xml">
      <![CDATA[org.testng.TestNGException: 
Parameter 'browser' is required by @Test on method parametrizationfromTestNGXML but has not been marked @Optional or defined
in /Users/edcast/eclipse-workspace/Mphasis/testnggroups.xml
at java.base/java.util.ArrayList.forEach(ArrayList.java:1507)
... Removed 26 stack frames]]>
    </failure>
  </testcase> <!-- parametrizationfromTestNGXML -->
  <testcase classname="TestNG.LoginNewTest" name="m3" time="0.033"/>
  <testcase classname="TestNG.LoginNewTest" name="m4" time="0.015"/>
  <testcase classname="TestNG.AssertionDemo" name="validateTitleTC" time="0.037">
    <failure type="java.lang.AssertionError" message="expected:&amp;lt;OrangeHRM India&amp;gt; but was:&amp;lt;OrangeHRM&amp;gt;">
      <![CDATA[java.lang.AssertionError: expected:<OrangeHRM India> but was:<OrangeHRM>
at TestNG.AssertionDemo.validateTitleTC(AssertionDemo.java:32)
at java.base/java.util.ArrayList.forEach(ArrayList.java:1507)
... Removed 29 stack frames]]>
    </failure>
  </testcase> <!-- validateTitleTC -->
  <testcase classname="TestNG.LoginTest" name="login" time="0.001"/>
  <testcase classname="TestNG.LoginTest" name="validateTitle" time="0.003"/>
  <testcase classname="TestNG.LoginTest" name="abc" time="0.004"/>
  <testcase classname="TestNG.LoginTest" name="sendFriendRequest" time="0.011"/>
  <testcase classname="TestNG.LoginTest" name="receiveFriendRequest" time="0.071"/>
  <testcase classname="TestNG.LoginNewTest" name="m1" time="0.0">
    <ignored/>
  </testcase> <!-- m1 -->
  <testcase classname="TestNG.LoginNewTest" name="m2" time="0.0">
    <ignored/>
  </testcase> <!-- m2 -->
</testsuite> <!-- Test -->
