<html>
<head>
<title>TestNG:  Test</title>
<link href="../testng.css" rel="stylesheet" type="text/css" />
<link href="../my-testng.css" rel="stylesheet" type="text/css" />

<style type="text/css">
.log { display: none;} 
.stack-trace { display: none;} 
</style>
<script type="text/javascript">
<!--
function flip(e) {
  current = e.style.display;
  if (current == 'block') {
    e.style.display = 'none';
    return 0;
  }
  else {
    e.style.display = 'block';
    return 1;
  }
}

function toggleBox(szDivId, elem, msg1, msg2)
{
  var res = -1;  if (document.getElementById) {
    res = flip(document.getElementById(szDivId));
  }
  else if (document.all) {
    // this is the way old msie versions work
    res = flip(document.all[szDivId]);
  }
  if(elem) {
    if(res == 0) elem.innerHTML = msg1; else elem.innerHTML = msg2;
  }

}

function toggleAllBoxes() {
  if (document.getElementsByTagName) {
    d = document.getElementsByTagName('div');
    for (i = 0; i < d.length; i++) {
      if (d[i].className == 'log') {
        flip(d[i]);
      }
    }
  }
}

// -->
</script>

</head>
<body>
<h2 align='center'>Test</h2><table border='1' align="center">
<tr>
<td>Tests passed/Failed/Skipped:</td><td>12/2/0</td>
</tr><tr>
<td>Started on:</td><td>Sat Mar 05 15:05:50 IST 2022</td>
</tr>
<tr><td>Total time:</td><td>18 seconds (18555 ms)</td>
</tr><tr>
<td>Included groups:</td><td></td>
</tr><tr>
<td>Excluded groups:</td><td>sanity </td>
</tr>
</table><p/>
<small><i>(Hover the method name to see the test class name)</i></small><p/>
<table width='100%' border='1' class='invocation-failed'>
<tr><td colspan='4' align='center'><b>FAILED TESTS</b></td></tr>
<tr><td><b>Test method</b></td>
<td width="30%"><b>Exception</b></td>
<td width="10%"><b>Time (seconds)</b></td>
<td><b>Instance</b></td>
</tr>
<tr>
<td title='TestNG.TestNGDataProvider.parametrizationfromTestNGXML()'><b>parametrizationfromTestNGXML</b><br>Test class: TestNG.TestNGDataProvider</td>
<td><div><pre>org.testng.TestNGException: 
Parameter &apos;browser&apos; is required by @Test on method parametrizationfromTestNGXML but has not been marked @Optional or defined
in /Users/edcast/eclipse-workspace/Mphasis/testnggroups.xml
	at java.base/java.util.ArrayList.forEach(ArrayList.java:1507)
... Removed 26 stack frames</pre></div><a href='#' onClick='toggleBox("stack-trace333793193", this, "Click to show all stack frames", "Click to hide stack frames")'>Click to show all stack frames</a>
<div class='stack-trace' id='stack-trace333793193'><pre>org.testng.TestNGException: 
Parameter &apos;browser&apos; is required by @Test on method parametrizationfromTestNGXML but has not been marked @Optional or defined
in /Users/edcast/eclipse-workspace/Mphasis/testnggroups.xml
	at org.testng.internal.Parameters.createParams(Parameters.java:270)
	at org.testng.internal.Parameters.createParametersForMethod(Parameters.java:358)
	at org.testng.internal.Parameters.createParameters(Parameters.java:700)
	at org.testng.internal.Parameters.handleParameters(Parameters.java:884)
	at org.testng.internal.Parameters.handleParameters(Parameters.java:740)
	at org.testng.internal.ParameterHandler.handleParameters(ParameterHandler.java:59)
	at org.testng.internal.ParameterHandler.createParameters(ParameterHandler.java:38)
	at org.testng.internal.TestInvoker$MethodInvocationAgent.invoke(TestInvoker.java:791)
	at org.testng.internal.TestInvoker.invokeTestMethods(TestInvoker.java:146)
	at org.testng.internal.TestMethodWorker.invokeTestMethods(TestMethodWorker.java:146)
	at org.testng.internal.TestMethodWorker.run(TestMethodWorker.java:128)
	at java.base/java.util.ArrayList.forEach(ArrayList.java:1507)
	at org.testng.TestRunner.privateRun(TestRunner.java:794)
	at org.testng.TestRunner.run(TestRunner.java:596)
	at org.testng.SuiteRunner.runTest(SuiteRunner.java:377)
	at org.testng.SuiteRunner.runSequentially(SuiteRunner.java:371)
	at org.testng.SuiteRunner.privateRun(SuiteRunner.java:332)
	at org.testng.SuiteRunner.run(SuiteRunner.java:276)
	at org.testng.SuiteRunnerWorker.runSuite(SuiteRunnerWorker.java:53)
	at org.testng.SuiteRunnerWorker.run(SuiteRunnerWorker.java:96)
	at org.testng.TestNG.runSuitesSequentially(TestNG.java:1212)
	at org.testng.TestNG.runSuitesLocally(TestNG.java:1134)
	at org.testng.TestNG.runSuites(TestNG.java:1063)
	at org.testng.TestNG.run(TestNG.java:1031)
	at org.testng.remote.AbstractRemoteTestNG.run(AbstractRemoteTestNG.java:115)
	at org.testng.remote.RemoteTestNG.initAndRun(RemoteTestNG.java:251)
	at org.testng.remote.RemoteTestNG.main(RemoteTestNG.java:77)
</pre></div></td>
<td>0</td>
<td>TestNG.TestNGDataProvider@1ffe63b9</td></tr>
<tr>
<td title='TestNG.AssertionDemo.validateTitleTC()'><b>validateTitleTC</b><br>Test class: TestNG.AssertionDemo</td>
<td><div><pre>java.lang.AssertionError: expected:&lt;OrangeHRM India&gt; but was:&lt;OrangeHRM&gt;
	at TestNG.AssertionDemo.validateTitleTC(AssertionDemo.java:32)
	at java.base/java.util.ArrayList.forEach(ArrayList.java:1507)
... Removed 29 stack frames</pre></div><a href='#' onClick='toggleBox("stack-trace1001284816", this, "Click to show all stack frames", "Click to hide stack frames")'>Click to show all stack frames</a>
<div class='stack-trace' id='stack-trace1001284816'><pre>java.lang.AssertionError: expected:&lt;OrangeHRM India&gt; but was:&lt;OrangeHRM&gt;
	at org.testng.AssertJUnit.assertEquals(AssertJUnit.java:115)
	at org.testng.AssertJUnit.assertEquals(AssertJUnit.java:125)
	at TestNG.AssertionDemo.validateTitleTC(AssertionDemo.java:32)
	at java.base/jdk.internal.reflect.NativeMethodAccessorImpl.invoke0(Native Method)
	at java.base/jdk.internal.reflect.NativeMethodAccessorImpl.invoke(NativeMethodAccessorImpl.java:62)
	at java.base/jdk.internal.reflect.DelegatingMethodAccessorImpl.invoke(DelegatingMethodAccessorImpl.java:43)
	at java.base/java.lang.reflect.Method.invoke(Method.java:567)
	at org.testng.internal.MethodInvocationHelper.invokeMethod(MethodInvocationHelper.java:133)
	at org.testng.internal.TestInvoker.invokeMethod(TestInvoker.java:598)
	at org.testng.internal.TestInvoker.invokeTestMethod(TestInvoker.java:173)
	at org.testng.internal.MethodRunner.runInSequence(MethodRunner.java:46)
	at org.testng.internal.TestInvoker$MethodInvocationAgent.invoke(TestInvoker.java:824)
	at org.testng.internal.TestInvoker.invokeTestMethods(TestInvoker.java:146)
	at org.testng.internal.TestMethodWorker.invokeTestMethods(TestMethodWorker.java:146)
	at org.testng.internal.TestMethodWorker.run(TestMethodWorker.java:128)
	at java.base/java.util.ArrayList.forEach(ArrayList.java:1507)
	at org.testng.TestRunner.privateRun(TestRunner.java:794)
	at org.testng.TestRunner.run(TestRunner.java:596)
	at org.testng.SuiteRunner.runTest(SuiteRunner.java:377)
	at org.testng.SuiteRunner.runSequentially(SuiteRunner.java:371)
	at org.testng.SuiteRunner.privateRun(SuiteRunner.java:332)
	at org.testng.SuiteRunner.run(SuiteRunner.java:276)
	at org.testng.SuiteRunnerWorker.runSuite(SuiteRunnerWorker.java:53)
	at org.testng.SuiteRunnerWorker.run(SuiteRunnerWorker.java:96)
	at org.testng.TestNG.runSuitesSequentially(TestNG.java:1212)
	at org.testng.TestNG.runSuitesLocally(TestNG.java:1134)
	at org.testng.TestNG.runSuites(TestNG.java:1063)
	at org.testng.TestNG.run(TestNG.java:1031)
	at org.testng.remote.AbstractRemoteTestNG.run(AbstractRemoteTestNG.java:115)
	at org.testng.remote.RemoteTestNG.initAndRun(RemoteTestNG.java:251)
	at org.testng.remote.RemoteTestNG.main(RemoteTestNG.java:77)
</pre></div></td>
<td>0</td>
<td>TestNG.AssertionDemo@794cb805</td></tr>
</table><p>
<table width='100%' border='1' class='invocation-passed'>
<tr><td colspan='4' align='center'><b>PASSED TESTS</b></td></tr>
<tr><td><b>Test method</b></td>
<td width="30%"><b>Exception</b></td>
<td width="10%"><b>Time (seconds)</b></td>
<td><b>Instance</b></td>
</tr>
<tr>
<td title='TestNG.TestNGDataProvider.loginTest()'><b>loginTest</b><br>Test class: TestNG.TestNGDataProvider<br>Parameters: admin, admin123</td>
<td></td>
<td>0</td>
<td>TestNG.TestNGDataProvider@1ffe63b9</td></tr>
<tr>
<td title='TestNG.TestNGDataProvider.loginTest()'><b>loginTest</b><br>Test class: TestNG.TestNGDataProvider<br>Parameters: hr, hr123</td>
<td></td>
<td>0</td>
<td>TestNG.TestNGDataProvider@1ffe63b9</td></tr>
<tr>
<td title='TestNG.TestNGDataProvider.loginTest()'><b>loginTest</b><br>Test class: TestNG.TestNGDataProvider<br>Parameters: manager, manager123</td>
<td></td>
<td>0</td>
<td>TestNG.TestNGDataProvider@1ffe63b9</td></tr>
<tr>
<td title='TestNG.LoginTest.validateTitle()'><b>validateTitle</b><br>Test class: TestNG.LoginTest</td>
<td></td>
<td>0</td>
<td>TestNG.LoginTest@49b0b76</td></tr>
<tr>
<td title='TestNG.LoginNewTest.m3()'><b>m3</b><br>Test class: TestNG.LoginNewTest</td>
<td></td>
<td>0</td>
<td>TestNG.LoginNewTest@56528192</td></tr>
<tr>
<td title='TestNG.LoginNewTest.m4()'><b>m4</b><br>Test class: TestNG.LoginNewTest</td>
<td></td>
<td>0</td>
<td>TestNG.LoginNewTest@56528192</td></tr>
<tr>
<td title='TestNG.LoginTest.login()'><b>login</b><br>Test class: TestNG.LoginTest</td>
<td></td>
<td>0</td>
<td>TestNG.LoginTest@49b0b76</td></tr>
<tr>
<td title='TestNG.TestNGDataProvider.TC_with_ApachePOI()'><b>TC_with_ApachePOI</b><br>Test class: TestNG.TestNGDataProvider<br>Parameters: admin, admin123</td>
<td></td>
<td>0</td>
<td>TestNG.TestNGDataProvider@1ffe63b9</td></tr>
<tr>
<td title='TestNG.LoginTest.abc()'><b>abc</b><br>Test class: TestNG.LoginTest</td>
<td></td>
<td>0</td>
<td>TestNG.LoginTest@49b0b76</td></tr>
<tr>
<td title='TestNG.LoginTest.receiveFriendRequest()'><b>receiveFriendRequest</b><br>Test class: TestNG.LoginTest</td>
<td></td>
<td>0</td>
<td>TestNG.LoginTest@49b0b76</td></tr>
<tr>
<td title='TestNG.TestNGDataProvider.TC_with_ApachePOI()'><b>TC_with_ApachePOI</b><br>Test class: TestNG.TestNGDataProvider<br>Parameters: test, test2</td>
<td></td>
<td>0</td>
<td>TestNG.TestNGDataProvider@1ffe63b9</td></tr>
<tr>
<td title='TestNG.LoginTest.sendFriendRequest()'><b>sendFriendRequest</b><br>Test class: TestNG.LoginTest</td>
<td></td>
<td>0</td>
<td>TestNG.LoginTest@49b0b76</td></tr>
</table><p>
</body>
</html>