<?xml version="1.0" encoding="UTF-8"?>
<testng-results ignored="2" total="16" passed="12" failed="2" skipped="0">
  <reporter-output>
  </reporter-output>
  <suite started-at="2022-03-05T15:05:50 IST" name="Suite" finished-at="2022-03-05T15:06:08 IST" duration-ms="18555">
    <groups>
      <group name="regression">
        <method signature="LoginNewTest.m3()[pri:0, instance:TestNG.LoginNewTest@56528192]" name="m3" class="TestNG.LoginNewTest"/>
        <method signature="LoginNewTest.m4()[pri:0, instance:TestNG.LoginNewTest@56528192]" name="m4" class="TestNG.LoginNewTest"/>
      </group> <!-- regression -->
    </groups>
    <test started-at="2022-03-05T15:05:50 IST" name="Test" finished-at="2022-03-05T15:06:08 IST" duration-ms="18555">
      <class name="TestNG.TestNGDataProvider">
        <test-method signature="TC_with_ApachePOI(java.lang.Object,java.lang.Object)[pri:0, instance:TestNG.TestNGDataProvider@1ffe63b9]" started-at="2022-03-05T15:05:53 IST" name="TC_with_ApachePOI" data-provider="getNewData" finished-at="2022-03-05T15:05:53 IST" duration-ms="23" status="PASS">
          <params>
            <param index="0">
              <value>
                <![CDATA[admin]]>
              </value>
            </param>
            <param index="1">
              <value>
                <![CDATA[admin123]]>
              </value>
            </param>
          </params>
          <reporter-output>
          </reporter-output>
        </test-method> <!-- TC_with_ApachePOI -->
        <test-method signature="TC_with_ApachePOI(java.lang.Object,java.lang.Object)[pri:0, instance:TestNG.TestNGDataProvider@1ffe63b9]" started-at="2022-03-05T15:05:53 IST" name="TC_with_ApachePOI" data-provider="getNewData" finished-at="2022-03-05T15:05:53 IST" duration-ms="6" status="PASS">
          <params>
            <param index="0">
              <value>
                <![CDATA[test]]>
              </value>
            </param>
            <param index="1">
              <value>
                <![CDATA[test2]]>
              </value>
            </param>
          </params>
          <reporter-output>
          </reporter-output>
        </test-method> <!-- TC_with_ApachePOI -->
        <test-method signature="loginTest(java.lang.Object,java.lang.Object)[pri:0, instance:TestNG.TestNGDataProvider@1ffe63b9]" started-at="2022-03-05T15:05:53 IST" name="loginTest" data-provider="getLoginData" finished-at="2022-03-05T15:05:53 IST" duration-ms="2" status="PASS">
          <params>
            <param index="0">
              <value>
                <![CDATA[admin]]>
              </value>
            </param>
            <param index="1">
              <value>
                <![CDATA[admin123]]>
              </value>
            </param>
          </params>
          <reporter-output>
          </reporter-output>
        </test-method> <!-- loginTest -->
        <test-method signature="loginTest(java.lang.Object,java.lang.Object)[pri:0, instance:TestNG.TestNGDataProvider@1ffe63b9]" started-at="2022-03-05T15:05:53 IST" name="loginTest" data-provider="getLoginData" finished-at="2022-03-05T15:05:53 IST" duration-ms="8" status="PASS">
          <params>
            <param index="0">
              <value>
                <![CDATA[hr]]>
              </value>
            </param>
            <param index="1">
              <value>
                <![CDATA[hr123]]>
              </value>
            </param>
          </params>
          <reporter-output>
          </reporter-output>
        </test-method> <!-- loginTest -->
        <test-method signature="loginTest(java.lang.Object,java.lang.Object)[pri:0, instance:TestNG.TestNGDataProvider@1ffe63b9]" started-at="2022-03-05T15:05:53 IST" name="loginTest" data-provider="getLoginData" finished-at="2022-03-05T15:05:53 IST" duration-ms="8" status="PASS">
          <params>
            <param index="0">
              <value>
                <![CDATA[manager]]>
              </value>
            </param>
            <param index="1">
              <value>
                <![CDATA[manager123]]>
              </value>
            </param>
          </params>
          <reporter-output>
          </reporter-output>
        </test-method> <!-- loginTest -->
        <test-method signature="parametrizationfromTestNGXML(java.lang.String,java.lang.String)[pri:0, instance:TestNG.TestNGDataProvider@1ffe63b9]" started-at="2022-03-05T15:05:53 IST" name="parametrizationfromTestNGXML" finished-at="2022-03-05T15:05:53 IST" duration-ms="0" status="FAIL">
          <exception class="org.testng.TestNGException">
            <message>
              <![CDATA[
Parameter 'browser' is required by @Test on method parametrizationfromTestNGXML but has not been marked @Optional or defined
in /Users/edcast/eclipse-workspace/Mphasis/testnggroups.xml]]>
            </message>
            <full-stacktrace>
              <![CDATA[org.testng.TestNGException: 
Parameter 'browser' is required by @Test on method parametrizationfromTestNGXML but has not been marked @Optional or defined
in /Users/edcast/eclipse-workspace/Mphasis/testnggroups.xml
at org.testng.internal.Parameters.createParams(Parameters.java:270)
at org.testng.internal.Parameters.createParametersForMethod(Parameters.java:358)
at org.testng.internal.Parameters.createParameters(Parameters.java:700)
at org.testng.internal.Parameters.handleParameters(Parameters.java:884)
at org.testng.internal.Parameters.handleParameters(Parameters.java:740)
at org.testng.internal.ParameterHandler.handleParameters(ParameterHandler.java:59)
at org.testng.internal.ParameterHandler.createParameters(ParameterHandler.java:38)
at org.testng.internal.TestInvoker$MethodInvocationAgent.invoke(TestInvoker.java:791)
at org.testng.internal.TestInvoker.invokeTestMethods(TestInvoker.java:146)
at org.testng.internal.TestMethodWorker.invokeTestMethods(TestMethodWorker.java:146)
at org.testng.internal.TestMethodWorker.run(TestMethodWorker.java:128)
at java.base/java.util.ArrayList.forEach(ArrayList.java:1507)
at org.testng.TestRunner.privateRun(TestRunner.java:794)
at org.testng.TestRunner.run(TestRunner.java:596)
at org.testng.SuiteRunner.runTest(SuiteRunner.java:377)
at org.testng.SuiteRunner.runSequentially(SuiteRunner.java:371)
at org.testng.SuiteRunner.privateRun(SuiteRunner.java:332)
at org.testng.SuiteRunner.run(SuiteRunner.java:276)
at org.testng.SuiteRunnerWorker.runSuite(SuiteRunnerWorker.java:53)
at org.testng.SuiteRunnerWorker.run(SuiteRunnerWorker.java:96)
at org.testng.TestNG.runSuitesSequentially(TestNG.java:1212)
at org.testng.TestNG.runSuitesLocally(TestNG.java:1134)
at org.testng.TestNG.runSuites(TestNG.java:1063)
at org.testng.TestNG.run(TestNG.java:1031)
at org.testng.remote.AbstractRemoteTestNG.run(AbstractRemoteTestNG.java:115)
at org.testng.remote.RemoteTestNG.initAndRun(RemoteTestNG.java:251)
at org.testng.remote.RemoteTestNG.main(RemoteTestNG.java:77)
]]>
            </full-stacktrace>
          </exception> <!-- org.testng.TestNGException -->
          <reporter-output>
          </reporter-output>
        </test-method> <!-- parametrizationfromTestNGXML -->
      </class> <!-- TestNG.TestNGDataProvider -->
      <class name="TestNG.AssertionDemo">
        <test-method is-config="true" signature="launchApplication()[pri:0, instance:TestNG.AssertionDemo@794cb805]" started-at="2022-03-05T15:05:53 IST" name="launchApplication" finished-at="2022-03-05T15:06:08 IST" duration-ms="14766" status="PASS">
          <reporter-output>
          </reporter-output>
        </test-method> <!-- launchApplication -->
        <test-method signature="validateTitleTC()[pri:0, instance:TestNG.AssertionDemo@794cb805]" started-at="2022-03-05T15:06:08 IST" name="validateTitleTC" finished-at="2022-03-05T15:06:08 IST" duration-ms="37" status="FAIL">
          <exception class="java.lang.AssertionError">
            <message>
              <![CDATA[expected:<OrangeHRM India> but was:<OrangeHRM>]]>
            </message>
            <full-stacktrace>
              <![CDATA[java.lang.AssertionError: expected:<OrangeHRM India> but was:<OrangeHRM>
at org.testng.AssertJUnit.assertEquals(AssertJUnit.java:115)
at org.testng.AssertJUnit.assertEquals(AssertJUnit.java:125)
at TestNG.AssertionDemo.validateTitleTC(AssertionDemo.java:32)
at java.base/jdk.internal.reflect.NativeMethodAccessorImpl.invoke0(Native Method)
at java.base/jdk.internal.reflect.NativeMethodAccessorImpl.invoke(NativeMethodAccessorImpl.java:62)
at java.base/jdk.internal.reflect.DelegatingMethodAccessorImpl.invoke(DelegatingMethodAccessorImpl.java:43)
at java.base/java.lang.reflect.Method.invoke(Method.java:567)
at org.testng.internal.MethodInvocationHelper.invokeMethod(MethodInvocationHelper.java:133)
at org.testng.internal.TestInvoker.invokeMethod(TestInvoker.java:598)
at org.testng.internal.TestInvoker.invokeTestMethod(TestInvoker.java:173)
at org.testng.internal.MethodRunner.runInSequence(MethodRunner.java:46)
at org.testng.internal.TestInvoker$MethodInvocationAgent.invoke(TestInvoker.java:824)
at org.testng.internal.TestInvoker.invokeTestMethods(TestInvoker.java:146)
at org.testng.internal.TestMethodWorker.invokeTestMethods(TestMethodWorker.java:146)
at org.testng.internal.TestMethodWorker.run(TestMethodWorker.java:128)
at java.base/java.util.ArrayList.forEach(ArrayList.java:1507)
at org.testng.TestRunner.privateRun(TestRunner.java:794)
at org.testng.TestRunner.run(TestRunner.java:596)
at org.testng.SuiteRunner.runTest(SuiteRunner.java:377)
at org.testng.SuiteRunner.runSequentially(SuiteRunner.java:371)
at org.testng.SuiteRunner.privateRun(SuiteRunner.java:332)
at org.testng.SuiteRunner.run(SuiteRunner.java:276)
at org.testng.SuiteRunnerWorker.runSuite(SuiteRunnerWorker.java:53)
at org.testng.SuiteRunnerWorker.run(SuiteRunnerWorker.java:96)
at org.testng.TestNG.runSuitesSequentially(TestNG.java:1212)
at org.testng.TestNG.runSuitesLocally(TestNG.java:1134)
at org.testng.TestNG.runSuites(TestNG.java:1063)
at org.testng.TestNG.run(TestNG.java:1031)
at org.testng.remote.AbstractRemoteTestNG.run(AbstractRemoteTestNG.java:115)
at org.testng.remote.RemoteTestNG.initAndRun(RemoteTestNG.java:251)
at org.testng.remote.RemoteTestNG.main(RemoteTestNG.java:77)
]]>
            </full-stacktrace>
          </exception> <!-- java.lang.AssertionError -->
          <reporter-output>
          </reporter-output>
        </test-method> <!-- validateTitleTC -->
        <test-method is-config="true" signature="closeApplication()[pri:0, instance:TestNG.AssertionDemo@794cb805]" started-at="2022-03-05T15:06:08 IST" name="closeApplication" finished-at="2022-03-05T15:06:08 IST" duration-ms="199" status="PASS">
          <reporter-output>
          </reporter-output>
        </test-method> <!-- closeApplication -->
      </class> <!-- TestNG.AssertionDemo -->
      <class name="TestNG.LoginNewTest">
        <test-method signature="m3()[pri:0, instance:TestNG.LoginNewTest@56528192]" started-at="2022-03-05T15:05:53 IST" name="m3" finished-at="2022-03-05T15:05:53 IST" duration-ms="33" status="PASS">
          <reporter-output>
          </reporter-output>
        </test-method> <!-- m3 -->
        <test-method signature="m4()[pri:0, instance:TestNG.LoginNewTest@56528192]" started-at="2022-03-05T15:05:53 IST" name="m4" finished-at="2022-03-05T15:05:53 IST" duration-ms="15" status="PASS">
          <reporter-output>
          </reporter-output>
        </test-method> <!-- m4 -->
      </class> <!-- TestNG.LoginNewTest -->
      <class name="TestNG.LoginTest">
        <test-method is-config="true" signature="launchApplication()[pri:0, instance:TestNG.LoginTest@49b0b76]" started-at="2022-03-05T15:06:08 IST" name="launchApplication" finished-at="2022-03-05T15:06:08 IST" duration-ms="1" status="PASS">
          <reporter-output>
          </reporter-output>
        </test-method> <!-- launchApplication -->
        <test-method signature="login()[pri:1, instance:TestNG.LoginTest@49b0b76]" started-at="2022-03-05T15:06:08 IST" name="login" finished-at="2022-03-05T15:06:08 IST" duration-ms="1" status="PASS">
          <reporter-output>
          </reporter-output>
        </test-method> <!-- login -->
        <test-method is-config="true" signature="closeBrowser()[pri:0, instance:TestNG.LoginTest@49b0b76]" started-at="2022-03-05T15:06:08 IST" name="closeBrowser" finished-at="2022-03-05T15:06:08 IST" duration-ms="1" status="PASS">
          <reporter-output>
          </reporter-output>
        </test-method> <!-- closeBrowser -->
        <test-method is-config="true" signature="launchApplication()[pri:0, instance:TestNG.LoginTest@49b0b76]" started-at="2022-03-05T15:06:08 IST" name="launchApplication" finished-at="2022-03-05T15:06:08 IST" duration-ms="3" status="PASS">
          <reporter-output>
          </reporter-output>
        </test-method> <!-- launchApplication -->
        <test-method signature="validateTitle()[pri:2, instance:TestNG.LoginTest@49b0b76]" started-at="2022-03-05T15:06:08 IST" name="validateTitle" finished-at="2022-03-05T15:06:08 IST" duration-ms="3" status="PASS">
          <reporter-output>
          </reporter-output>
        </test-method> <!-- validateTitle -->
        <test-method is-config="true" signature="closeBrowser()[pri:0, instance:TestNG.LoginTest@49b0b76]" started-at="2022-03-05T15:06:08 IST" name="closeBrowser" finished-at="2022-03-05T15:06:08 IST" duration-ms="5" status="PASS">
          <reporter-output>
          </reporter-output>
        </test-method> <!-- closeBrowser -->
        <test-method is-config="true" signature="launchApplication()[pri:0, instance:TestNG.LoginTest@49b0b76]" started-at="2022-03-05T15:06:08 IST" name="launchApplication" finished-at="2022-03-05T15:06:08 IST" duration-ms="1" status="PASS">
          <reporter-output>
          </reporter-output>
        </test-method> <!-- launchApplication -->
        <test-method signature="abc()[pri:3, instance:TestNG.LoginTest@49b0b76]" started-at="2022-03-05T15:06:08 IST" name="abc" finished-at="2022-03-05T15:06:08 IST" duration-ms="4" status="PASS">
          <reporter-output>
          </reporter-output>
        </test-method> <!-- abc -->
        <test-method is-config="true" signature="closeBrowser()[pri:0, instance:TestNG.LoginTest@49b0b76]" started-at="2022-03-05T15:06:08 IST" name="closeBrowser" finished-at="2022-03-05T15:06:08 IST" duration-ms="5" status="PASS">
          <reporter-output>
          </reporter-output>
        </test-method> <!-- closeBrowser -->
        <test-method is-config="true" signature="launchApplication()[pri:0, instance:TestNG.LoginTest@49b0b76]" started-at="2022-03-05T15:06:08 IST" name="launchApplication" finished-at="2022-03-05T15:06:08 IST" duration-ms="0" status="PASS">
          <reporter-output>
          </reporter-output>
        </test-method> <!-- launchApplication -->
        <test-method signature="sendFriendRequest()[pri:4, instance:TestNG.LoginTest@49b0b76]" started-at="2022-03-05T15:06:08 IST" name="sendFriendRequest" finished-at="2022-03-05T15:06:08 IST" duration-ms="11" status="PASS">
          <reporter-output>
          </reporter-output>
        </test-method> <!-- sendFriendRequest -->
        <test-method is-config="true" signature="closeBrowser()[pri:0, instance:TestNG.LoginTest@49b0b76]" started-at="2022-03-05T15:06:08 IST" name="closeBrowser" finished-at="2022-03-05T15:06:08 IST" duration-ms="5" status="PASS">
          <reporter-output>
          </reporter-output>
        </test-method> <!-- closeBrowser -->
        <test-method is-config="true" signature="launchApplication()[pri:0, instance:TestNG.LoginTest@49b0b76]" started-at="2022-03-05T15:06:08 IST" name="launchApplication" finished-at="2022-03-05T15:06:08 IST" duration-ms="1" status="PASS">
          <reporter-output>
          </reporter-output>
        </test-method> <!-- launchApplication -->
        <test-method signature="receiveFriendRequest()[pri:5, instance:TestNG.LoginTest@49b0b76]" started-at="2022-03-05T15:06:08 IST" name="receiveFriendRequest" finished-at="2022-03-05T15:06:08 IST" depends-on-methods="TestNG.LoginTest.sendFriendRequest" duration-ms="71" status="PASS">
          <reporter-output>
          </reporter-output>
        </test-method> <!-- receiveFriendRequest -->
        <test-method is-config="true" signature="closeBrowser()[pri:0, instance:TestNG.LoginTest@49b0b76]" started-at="2022-03-05T15:06:08 IST" name="closeBrowser" finished-at="2022-03-05T15:06:08 IST" duration-ms="0" status="PASS">
          <reporter-output>
          </reporter-output>
        </test-method> <!-- closeBrowser -->
      </class> <!-- TestNG.LoginTest -->
    </test> <!-- Test -->
  </suite> <!-- Suite -->
</testng-results>
